Analysis & Synthesis report for bpsk_gold
Tue May  9 23:26:42 2023
Quartus Prime Version 21.1.0 Build 842 10/21/2021 SJ Lite Edition


---------------------
; Table of Contents ;
---------------------
  1. Legal Notice
  2. Analysis & Synthesis Summary
  3. Analysis & Synthesis Settings
  4. Parallel Compilation
  5. Analysis & Synthesis Source Files Read
  6. Analysis & Synthesis Resource Usage Summary
  7. Analysis & Synthesis Resource Utilization by Entity
  8. Analysis & Synthesis RAM Summary
  9. Analysis & Synthesis IP Cores Summary
 10. Registers Removed During Synthesis
 11. General Register Statistics
 12. Inverted Register Statistics
 13. Multiplexer Restructuring Statistics (Restructuring Performed)
 14. Source assignments for bpsk_modulator:bpsk_modulator0|sin:sin_inst|my_rom:rom1|altsyncram:altsyncram_component|altsyncram_03g1:auto_generated
 15. Parameter Settings for User Entity Instance: bpsk_modulator:bpsk_modulator0|sin:sin_inst|my_rom:rom1|altsyncram:altsyncram_component
 16. Parameter Settings for User Entity Instance: gold_code_generator:gold_code_generator0
 17. altsyncram Parameter Settings by Entity Instance
 18. Post-Synthesis Netlist Statistics for Top Partition
 19. Elapsed Time Per Partition
 20. Analysis & Synthesis Messages



----------------
; Legal Notice ;
----------------
Copyright (C) 2021  Intel Corporation. All rights reserved.
Your use of Intel Corporation's design tools, logic functions 
and other software and tools, and any partner logic 
functions, and any output files from any of the foregoing 
(including device programming or simulation files), and any 
associated documentation or information are expressly subject 
to the terms and conditions of the Intel Program License 
Subscription Agreement, the Intel Quartus Prime License Agreement,
the Intel FPGA IP License Agreement, or other applicable license
agreement, including, without limitation, that your use is for
the sole purpose of programming logic devices manufactured by
Intel and sold by Intel or its authorized distributors.  Please
refer to the applicable agreement for further details, at
https://fpgasoftware.intel.com/eula.



+-------------------------------------------------------------------------------+
; Analysis & Synthesis Summary                                                  ;
+---------------------------------+---------------------------------------------+
; Analysis & Synthesis Status     ; Successful - Tue May  9 23:26:42 2023       ;
; Quartus Prime Version           ; 21.1.0 Build 842 10/21/2021 SJ Lite Edition ;
; Revision Name                   ; bpsk_gold                                   ;
; Top-level Entity Name           ; top                                         ;
; Family                          ; Cyclone V                                   ;
; Logic utilization (in ALMs)     ; N/A                                         ;
; Total registers                 ; 66                                          ;
; Total pins                      ; 15                                          ;
; Total virtual pins              ; 0                                           ;
; Total block memory bits         ; 24,576                                      ;
; Total DSP Blocks                ; 0                                           ;
; Total HSSI RX PCSs              ; 0                                           ;
; Total HSSI PMA RX Deserializers ; 0                                           ;
; Total HSSI TX PCSs              ; 0                                           ;
; Total HSSI PMA TX Serializers   ; 0                                           ;
; Total PLLs                      ; 0                                           ;
; Total DLLs                      ; 0                                           ;
+---------------------------------+---------------------------------------------+


+---------------------------------------------------------------------------------------------------------------------------+
; Analysis & Synthesis Settings                                                                                             ;
+---------------------------------------------------------------------------------+--------------------+--------------------+
; Option                                                                          ; Setting            ; Default Value      ;
+---------------------------------------------------------------------------------+--------------------+--------------------+
; Device                                                                          ; 5CGXFC7C7F23C8     ;                    ;
; Top-level entity name                                                           ; top                ; bpsk_gold          ;
; Family name                                                                     ; Cyclone V          ; Cyclone V          ;
; Use smart compilation                                                           ; Off                ; Off                ;
; Enable parallel Assembler and Timing Analyzer during compilation                ; On                 ; On                 ;
; Enable compact report table                                                     ; Off                ; Off                ;
; Restructure Multiplexers                                                        ; Auto               ; Auto               ;
; MLAB Add Timing Constraints For Mixed-Port Feed-Through Mode Setting Don't Care ; Off                ; Off                ;
; Create Debugging Nodes for IP Cores                                             ; Off                ; Off                ;
; Preserve fewer node names                                                       ; On                 ; On                 ;
; Intel FPGA IP Evaluation Mode                                                   ; Enable             ; Enable             ;
; Verilog Version                                                                 ; Verilog_2001       ; Verilog_2001       ;
; VHDL Version                                                                    ; VHDL_1993          ; VHDL_1993          ;
; State Machine Processing                                                        ; Auto               ; Auto               ;
; Safe State Machine                                                              ; Off                ; Off                ;
; Extract Verilog State Machines                                                  ; On                 ; On                 ;
; Extract VHDL State Machines                                                     ; On                 ; On                 ;
; Ignore Verilog initial constructs                                               ; Off                ; Off                ;
; Iteration limit for constant Verilog loops                                      ; 5000               ; 5000               ;
; Iteration limit for non-constant Verilog loops                                  ; 250                ; 250                ;
; Add Pass-Through Logic to Inferred RAMs                                         ; On                 ; On                 ;
; Infer RAMs from Raw Logic                                                       ; On                 ; On                 ;
; Parallel Synthesis                                                              ; On                 ; On                 ;
; DSP Block Balancing                                                             ; Auto               ; Auto               ;
; NOT Gate Push-Back                                                              ; On                 ; On                 ;
; Power-Up Don't Care                                                             ; On                 ; On                 ;
; Remove Redundant Logic Cells                                                    ; Off                ; Off                ;
; Remove Duplicate Registers                                                      ; On                 ; On                 ;
; Ignore CARRY Buffers                                                            ; Off                ; Off                ;
; Ignore CASCADE Buffers                                                          ; Off                ; Off                ;
; Ignore GLOBAL Buffers                                                           ; Off                ; Off                ;
; Ignore ROW GLOBAL Buffers                                                       ; Off                ; Off                ;
; Ignore LCELL Buffers                                                            ; Off                ; Off                ;
; Ignore SOFT Buffers                                                             ; On                 ; On                 ;
; Limit AHDL Integers to 32 Bits                                                  ; Off                ; Off                ;
; Optimization Technique                                                          ; Balanced           ; Balanced           ;
; Carry Chain Length                                                              ; 70                 ; 70                 ;
; Auto Carry Chains                                                               ; On                 ; On                 ;
; Auto Open-Drain Pins                                                            ; On                 ; On                 ;
; Perform WYSIWYG Primitive Resynthesis                                           ; Off                ; Off                ;
; Auto ROM Replacement                                                            ; On                 ; On                 ;
; Auto RAM Replacement                                                            ; On                 ; On                 ;
; Auto DSP Block Replacement                                                      ; On                 ; On                 ;
; Auto Shift Register Replacement                                                 ; Auto               ; Auto               ;
; Allow Shift Register Merging across Hierarchies                                 ; Auto               ; Auto               ;
; Auto Clock Enable Replacement                                                   ; On                 ; On                 ;
; Strict RAM Replacement                                                          ; Off                ; Off                ;
; Allow Synchronous Control Signals                                               ; On                 ; On                 ;
; Force Use of Synchronous Clear Signals                                          ; Off                ; Off                ;
; Auto Resource Sharing                                                           ; Off                ; Off                ;
; Allow Any RAM Size For Recognition                                              ; Off                ; Off                ;
; Allow Any ROM Size For Recognition                                              ; Off                ; Off                ;
; Allow Any Shift Register Size For Recognition                                   ; Off                ; Off                ;
; Use LogicLock Constraints during Resource Balancing                             ; On                 ; On                 ;
; Ignore translate_off and synthesis_off directives                               ; Off                ; Off                ;
; Timing-Driven Synthesis                                                         ; On                 ; On                 ;
; Report Parameter Settings                                                       ; On                 ; On                 ;
; Report Source Assignments                                                       ; On                 ; On                 ;
; Report Connectivity Checks                                                      ; On                 ; On                 ;
; Ignore Maximum Fan-Out Assignments                                              ; Off                ; Off                ;
; Synchronization Register Chain Length                                           ; 3                  ; 3                  ;
; Power Optimization During Synthesis                                             ; Normal compilation ; Normal compilation ;
; HDL message level                                                               ; Level2             ; Level2             ;
; Suppress Register Optimization Related Messages                                 ; Off                ; Off                ;
; Number of Removed Registers Reported in Synthesis Report                        ; 5000               ; 5000               ;
; Number of Swept Nodes Reported in Synthesis Report                              ; 5000               ; 5000               ;
; Number of Inverted Registers Reported in Synthesis Report                       ; 100                ; 100                ;
; Clock MUX Protection                                                            ; On                 ; On                 ;
; Auto Gated Clock Conversion                                                     ; Off                ; Off                ;
; Block Design Naming                                                             ; Auto               ; Auto               ;
; SDC constraint protection                                                       ; Off                ; Off                ;
; Synthesis Effort                                                                ; Auto               ; Auto               ;
; Shift Register Replacement - Allow Asynchronous Clear Signal                    ; On                 ; On                 ;
; Pre-Mapping Resynthesis Optimization                                            ; Off                ; Off                ;
; Analysis & Synthesis Message Level                                              ; Medium             ; Medium             ;
; Disable Register Merging Across Hierarchies                                     ; Auto               ; Auto               ;
; Resource Aware Inference For Block RAM                                          ; On                 ; On                 ;
; Automatic Parallel Synthesis                                                    ; On                 ; On                 ;
; Partial Reconfiguration Bitstream ID                                            ; Off                ; Off                ;
+---------------------------------------------------------------------------------+--------------------+--------------------+


+------------------------------------------+
; Parallel Compilation                     ;
+----------------------------+-------------+
; Processors                 ; Number      ;
+----------------------------+-------------+
; Number detected on machine ; 16          ;
; Maximum allowed            ; 16          ;
;                            ;             ;
; Average used               ; 1.00        ;
; Maximum used               ; 16          ;
;                            ;             ;
; Usage by Processor         ; % Time Used ;
;     Processor 1            ; 100.0%      ;
;     Processors 2-16        ;   0.0%      ;
+----------------------------+-------------+


+-------------------------------------------------------------------------------------------------------------------------------------------------------------------------------+
; Analysis & Synthesis Source Files Read                                                                                                                                        ;
+----------------------------------+-----------------+----------------------------------------+-----------------------------------------------------------------------+---------+
; File Name with User-Entered Path ; Used in Netlist ; File Type                              ; File Name with Absolute Path                                          ; Library ;
+----------------------------------+-----------------+----------------------------------------+-----------------------------------------------------------------------+---------+
; top.v                            ; yes             ; User Verilog HDL File                  ; E:/FPGA/Quartus/Projects/DAI_ZUO/BPSK_Gold/top.v                      ;         ;
; sin.v                            ; yes             ; User Verilog HDL File                  ; E:/FPGA/Quartus/Projects/DAI_ZUO/BPSK_Gold/sin.v                      ;         ;
; gold_code_generator.v            ; yes             ; User Verilog HDL File                  ; E:/FPGA/Quartus/Projects/DAI_ZUO/BPSK_Gold/gold_code_generator.v      ;         ;
; bpsk_modulator.v                 ; yes             ; User Verilog HDL File                  ; E:/FPGA/Quartus/Projects/DAI_ZUO/BPSK_Gold/bpsk_modulator.v           ;         ;
; my_rom.v                         ; yes             ; User Wizard-Generated File             ; E:/FPGA/Quartus/Projects/DAI_ZUO/BPSK_Gold/my_rom.v                   ;         ;
; altsyncram.tdf                   ; yes             ; Megafunction                           ; e:/fpga/quartus/quartus/libraries/megafunctions/altsyncram.tdf        ;         ;
; stratix_ram_block.inc            ; yes             ; Megafunction                           ; e:/fpga/quartus/quartus/libraries/megafunctions/stratix_ram_block.inc ;         ;
; lpm_mux.inc                      ; yes             ; Megafunction                           ; e:/fpga/quartus/quartus/libraries/megafunctions/lpm_mux.inc           ;         ;
; lpm_decode.inc                   ; yes             ; Megafunction                           ; e:/fpga/quartus/quartus/libraries/megafunctions/lpm_decode.inc        ;         ;
; aglobal211.inc                   ; yes             ; Megafunction                           ; e:/fpga/quartus/quartus/libraries/megafunctions/aglobal211.inc        ;         ;
; a_rdenreg.inc                    ; yes             ; Megafunction                           ; e:/fpga/quartus/quartus/libraries/megafunctions/a_rdenreg.inc         ;         ;
; altrom.inc                       ; yes             ; Megafunction                           ; e:/fpga/quartus/quartus/libraries/megafunctions/altrom.inc            ;         ;
; altram.inc                       ; yes             ; Megafunction                           ; e:/fpga/quartus/quartus/libraries/megafunctions/altram.inc            ;         ;
; altdpram.inc                     ; yes             ; Megafunction                           ; e:/fpga/quartus/quartus/libraries/megafunctions/altdpram.inc          ;         ;
; db/altsyncram_03g1.tdf           ; yes             ; Auto-Generated Megafunction            ; E:/FPGA/Quartus/Projects/DAI_ZUO/BPSK_Gold/db/altsyncram_03g1.tdf     ;         ;
; sp_ram_2048x12.mif               ; yes             ; Auto-Found Memory Initialization File  ; E:/FPGA/Quartus/Projects/DAI_ZUO/BPSK_Gold/sp_ram_2048x12.mif         ;         ;
+----------------------------------+-----------------+----------------------------------------+-----------------------------------------------------------------------+---------+


+-------------------------------------------------------------+
; Analysis & Synthesis Resource Usage Summary                 ;
+---------------------------------------------+---------------+
; Resource                                    ; Usage         ;
+---------------------------------------------+---------------+
; Estimate of Logic utilization (ALMs needed) ; 34            ;
;                                             ;               ;
; Combinational ALUT usage for logic          ; 34            ;
;     -- 7 input functions                    ; 0             ;
;     -- 6 input functions                    ; 0             ;
;     -- 5 input functions                    ; 0             ;
;     -- 4 input functions                    ; 0             ;
;     -- <=3 input functions                  ; 34            ;
;                                             ;               ;
; Dedicated logic registers                   ; 66            ;
;                                             ;               ;
; I/O pins                                    ; 15            ;
; Total MLAB memory bits                      ; 0             ;
; Total block memory bits                     ; 24576         ;
;                                             ;               ;
; Total DSP Blocks                            ; 0             ;
;                                             ;               ;
; Maximum fan-out node                        ; sys_clk~input ;
; Maximum fan-out                             ; 68            ;
; Total fan-out                               ; 444           ;
; Average fan-out                             ; 3.13          ;
+---------------------------------------------+---------------+


+-----------------------------------------------------------------------------------------------------------------------------------------------------------------------------------------------------------------------------------------------------------------------------------------------------------------------------+
; Analysis & Synthesis Resource Utilization by Entity                                                                                                                                                                                                                                                                         ;
+-------------------------------------------------+---------------------+---------------------------+-------------------+------------+------+--------------+-----------------------------------------------------------------------------------------------------------------------------+---------------------+--------------+
; Compilation Hierarchy Node                      ; Combinational ALUTs ; Dedicated Logic Registers ; Block Memory Bits ; DSP Blocks ; Pins ; Virtual Pins ; Full Hierarchy Name                                                                                                         ; Entity Name         ; Library Name ;
+-------------------------------------------------+---------------------+---------------------------+-------------------+------------+------+--------------+-----------------------------------------------------------------------------------------------------------------------------+---------------------+--------------+
; |top                                            ; 34 (0)              ; 66 (0)                    ; 24576             ; 0          ; 15   ; 0            ; |top                                                                                                                        ; top                 ; work         ;
;    |bpsk_modulator:bpsk_modulator0|             ; 33 (0)              ; 56 (1)                    ; 24576             ; 0          ; 0    ; 0            ; |top|bpsk_modulator:bpsk_modulator0                                                                                         ; bpsk_modulator      ; work         ;
;       |sin:sin_inst|                            ; 33 (33)             ; 55 (55)                   ; 24576             ; 0          ; 0    ; 0            ; |top|bpsk_modulator:bpsk_modulator0|sin:sin_inst                                                                            ; sin                 ; work         ;
;          |my_rom:rom1|                          ; 0 (0)               ; 0 (0)                     ; 24576             ; 0          ; 0    ; 0            ; |top|bpsk_modulator:bpsk_modulator0|sin:sin_inst|my_rom:rom1                                                                ; my_rom              ; work         ;
;             |altsyncram:altsyncram_component|   ; 0 (0)               ; 0 (0)                     ; 24576             ; 0          ; 0    ; 0            ; |top|bpsk_modulator:bpsk_modulator0|sin:sin_inst|my_rom:rom1|altsyncram:altsyncram_component                                ; altsyncram          ; work         ;
;                |altsyncram_03g1:auto_generated| ; 0 (0)               ; 0 (0)                     ; 24576             ; 0          ; 0    ; 0            ; |top|bpsk_modulator:bpsk_modulator0|sin:sin_inst|my_rom:rom1|altsyncram:altsyncram_component|altsyncram_03g1:auto_generated ; altsyncram_03g1     ; work         ;
;    |gold_code_generator:gold_code_generator0|   ; 1 (1)               ; 10 (10)                   ; 0                 ; 0          ; 0    ; 0            ; |top|gold_code_generator:gold_code_generator0                                                                               ; gold_code_generator ; work         ;
+-------------------------------------------------+---------------------+---------------------------+-------------------+------------+------+--------------+-----------------------------------------------------------------------------------------------------------------------------+---------------------+--------------+
Note: For table entries with two numbers listed, the numbers in parentheses indicate the number of resources of the given type used by the specific entity alone. The numbers listed outside of parentheses indicate the total resources of the given type used by the specific entity and all of its sub-entities in the hierarchy.


+------------------------------------------------------------------------------------------------------------------------------------------------------------------------------------------------------------------------------------------+
; Analysis & Synthesis RAM Summary                                                                                                                                                                                                         ;
+-----------------------------------------------------------------------------------------------------------------------------------+------+------+--------------+--------------+--------------+--------------+-------+--------------------+
; Name                                                                                                                              ; Type ; Mode ; Port A Depth ; Port A Width ; Port B Depth ; Port B Width ; Size  ; MIF                ;
+-----------------------------------------------------------------------------------------------------------------------------------+------+------+--------------+--------------+--------------+--------------+-------+--------------------+
; bpsk_modulator:bpsk_modulator0|sin:sin_inst|my_rom:rom1|altsyncram:altsyncram_component|altsyncram_03g1:auto_generated|ALTSYNCRAM ; AUTO ; ROM  ; 2048         ; 12           ; --           ; --           ; 24576 ; sp_ram_2048x12.mif ;
+-----------------------------------------------------------------------------------------------------------------------------------+------+------+--------------+--------------+--------------+--------------+-------+--------------------+


+------------------------------------------------------------------------------------------------------------------------------------------------+
; Analysis & Synthesis IP Cores Summary                                                                                                          ;
+--------+--------------+---------+--------------+--------------+--------------------------------------------------------------+-----------------+
; Vendor ; IP Core Name ; Version ; Release Date ; License Type ; Entity Instance                                              ; IP Include File ;
+--------+--------------+---------+--------------+--------------+--------------------------------------------------------------+-----------------+
; Altera ; ROM: 1-PORT  ; 21.1    ; N/A          ; N/A          ; |top|bpsk_modulator:bpsk_modulator0|sin:sin_inst|my_rom:rom1 ; my_rom.v        ;
+--------+--------------+---------+--------------+--------------+--------------------------------------------------------------+-----------------+


+-------------------------------------------------------------------------------------------------------------------------------+
; Registers Removed During Synthesis                                                                                            ;
+----------------------------------------------------------+--------------------------------------------------------------------+
; Register name                                            ; Reason for Removal                                                 ;
+----------------------------------------------------------+--------------------------------------------------------------------+
; bpsk_modulator:bpsk_modulator0|sin:sin_inst|Fcnt[0]      ; Stuck at GND due to stuck port data_in                             ;
; gold_code_generator:gold_code_generator0|shift_reg1[0]   ; Merged with gold_code_generator:gold_code_generator0|shift_reg1[3] ;
; gold_code_generator:gold_code_generator0|shift_reg1[4]   ; Merged with gold_code_generator:gold_code_generator0|shift_reg1[1] ;
; gold_code_generator:gold_code_generator0|shift_reg1[2]   ; Merged with gold_code_generator:gold_code_generator0|shift_reg1[5] ;
; gold_code_generator:gold_code_generator0|shift_reg1[6]   ; Merged with gold_code_generator:gold_code_generator0|shift_reg1[3] ;
; gold_code_generator:gold_code_generator0|shift_reg1[7]   ; Merged with gold_code_generator:gold_code_generator0|shift_reg1[1] ;
; gold_code_generator:gold_code_generator0|shift_reg1[5]   ; Merged with gold_code_generator:gold_code_generator0|shift_reg1[8] ;
; gold_code_generator:gold_code_generator0|shift_reg1[9]   ; Merged with gold_code_generator:gold_code_generator0|shift_reg1[3] ;
; gold_code_generator:gold_code_generator0|shift_reg1[3,8] ; Merged with gold_code_generator:gold_code_generator0|shift_reg1[1] ;
; gold_code_generator:gold_code_generator0|shift_reg1[1]   ; Stuck at VCC due to stuck port data_in                             ;
; Total Number of Removed Registers = 11                   ;                                                                    ;
+----------------------------------------------------------+--------------------------------------------------------------------+


+------------------------------------------------------+
; General Register Statistics                          ;
+----------------------------------------------+-------+
; Statistic                                    ; Value ;
+----------------------------------------------+-------+
; Total registers                              ; 66    ;
; Number of registers using Synchronous Clear  ; 30    ;
; Number of registers using Synchronous Load   ; 0     ;
; Number of registers using Asynchronous Clear ; 43    ;
; Number of registers using Asynchronous Load  ; 0     ;
; Number of registers using Clock Enable       ; 0     ;
; Number of registers using Preset             ; 0     ;
+----------------------------------------------+-------+


+------------------------------------------------------------------+
; Inverted Register Statistics                                     ;
+--------------------------------------------------------+---------+
; Inverted Register                                      ; Fan out ;
+--------------------------------------------------------+---------+
; gold_code_generator:gold_code_generator0|shift_reg2[9] ; 1       ;
; gold_code_generator:gold_code_generator0|shift_reg2[8] ; 2       ;
; gold_code_generator:gold_code_generator0|shift_reg2[7] ; 1       ;
; gold_code_generator:gold_code_generator0|shift_reg2[6] ; 1       ;
; gold_code_generator:gold_code_generator0|shift_reg2[5] ; 1       ;
; gold_code_generator:gold_code_generator0|shift_reg2[4] ; 1       ;
; gold_code_generator:gold_code_generator0|shift_reg2[3] ; 1       ;
; gold_code_generator:gold_code_generator0|shift_reg2[2] ; 1       ;
; gold_code_generator:gold_code_generator0|shift_reg2[1] ; 2       ;
; gold_code_generator:gold_code_generator0|shift_reg2[0] ; 1       ;
; Total number of inverted registers = 10                ;         ;
+--------------------------------------------------------+---------+


+-------------------------------------------------------------------------------------------------------------------------------------------------------------------------+
; Multiplexer Restructuring Statistics (Restructuring Performed)                                                                                                          ;
+--------------------+-----------+---------------+----------------------+------------------------+------------+-----------------------------------------------------------+
; Multiplexer Inputs ; Bus Width ; Baseline Area ; Area if Restructured ; Saving if Restructured ; Registered ; Example Multiplexer Output                                ;
+--------------------+-----------+---------------+----------------------+------------------------+------------+-----------------------------------------------------------+
; 3:1                ; 30 bits   ; 60 LEs        ; 0 LEs                ; 60 LEs                 ; Yes        ; |top|bpsk_modulator:bpsk_modulator0|sin:sin_inst|Fcnt[21] ;
+--------------------+-----------+---------------+----------------------+------------------------+------------+-----------------------------------------------------------+


+-----------------------------------------------------------------------------------------------------------------------------------------------+
; Source assignments for bpsk_modulator:bpsk_modulator0|sin:sin_inst|my_rom:rom1|altsyncram:altsyncram_component|altsyncram_03g1:auto_generated ;
+---------------------------------+--------------------+------+---------------------------------------------------------------------------------+
; Assignment                      ; Value              ; From ; To                                                                              ;
+---------------------------------+--------------------+------+---------------------------------------------------------------------------------+
; OPTIMIZE_POWER_DURING_SYNTHESIS ; NORMAL_COMPILATION ; -    ; -                                                                               ;
+---------------------------------+--------------------+------+---------------------------------------------------------------------------------+


+--------------------------------------------------------------------------------------------------------------------------------------+
; Parameter Settings for User Entity Instance: bpsk_modulator:bpsk_modulator0|sin:sin_inst|my_rom:rom1|altsyncram:altsyncram_component ;
+------------------------------------+----------------------+--------------------------------------------------------------------------+
; Parameter Name                     ; Value                ; Type                                                                     ;
+------------------------------------+----------------------+--------------------------------------------------------------------------+
; BYTE_SIZE_BLOCK                    ; 8                    ; Untyped                                                                  ;
; AUTO_CARRY_CHAINS                  ; ON                   ; AUTO_CARRY                                                               ;
; IGNORE_CARRY_BUFFERS               ; OFF                  ; IGNORE_CARRY                                                             ;
; AUTO_CASCADE_CHAINS                ; ON                   ; AUTO_CASCADE                                                             ;
; IGNORE_CASCADE_BUFFERS             ; OFF                  ; IGNORE_CASCADE                                                           ;
; WIDTH_BYTEENA                      ; 1                    ; Untyped                                                                  ;
; OPERATION_MODE                     ; ROM                  ; Untyped                                                                  ;
; WIDTH_A                            ; 12                   ; Signed Integer                                                           ;
; WIDTHAD_A                          ; 11                   ; Signed Integer                                                           ;
; NUMWORDS_A                         ; 2048                 ; Signed Integer                                                           ;
; OUTDATA_REG_A                      ; CLOCK0               ; Untyped                                                                  ;
; ADDRESS_ACLR_A                     ; NONE                 ; Untyped                                                                  ;
; OUTDATA_ACLR_A                     ; NONE                 ; Untyped                                                                  ;
; WRCONTROL_ACLR_A                   ; NONE                 ; Untyped                                                                  ;
; INDATA_ACLR_A                      ; NONE                 ; Untyped                                                                  ;
; BYTEENA_ACLR_A                     ; NONE                 ; Untyped                                                                  ;
; WIDTH_B                            ; 1                    ; Untyped                                                                  ;
; WIDTHAD_B                          ; 1                    ; Untyped                                                                  ;
; NUMWORDS_B                         ; 1                    ; Untyped                                                                  ;
; INDATA_REG_B                       ; CLOCK1               ; Untyped                                                                  ;
; WRCONTROL_WRADDRESS_REG_B          ; CLOCK1               ; Untyped                                                                  ;
; RDCONTROL_REG_B                    ; CLOCK1               ; Untyped                                                                  ;
; ADDRESS_REG_B                      ; CLOCK1               ; Untyped                                                                  ;
; OUTDATA_REG_B                      ; UNREGISTERED         ; Untyped                                                                  ;
; BYTEENA_REG_B                      ; CLOCK1               ; Untyped                                                                  ;
; INDATA_ACLR_B                      ; NONE                 ; Untyped                                                                  ;
; WRCONTROL_ACLR_B                   ; NONE                 ; Untyped                                                                  ;
; ADDRESS_ACLR_B                     ; NONE                 ; Untyped                                                                  ;
; OUTDATA_ACLR_B                     ; NONE                 ; Untyped                                                                  ;
; RDCONTROL_ACLR_B                   ; NONE                 ; Untyped                                                                  ;
; BYTEENA_ACLR_B                     ; NONE                 ; Untyped                                                                  ;
; WIDTH_BYTEENA_A                    ; 1                    ; Signed Integer                                                           ;
; WIDTH_BYTEENA_B                    ; 1                    ; Untyped                                                                  ;
; RAM_BLOCK_TYPE                     ; AUTO                 ; Untyped                                                                  ;
; BYTE_SIZE                          ; 8                    ; Untyped                                                                  ;
; READ_DURING_WRITE_MODE_MIXED_PORTS ; DONT_CARE            ; Untyped                                                                  ;
; READ_DURING_WRITE_MODE_PORT_A      ; NEW_DATA_NO_NBE_READ ; Untyped                                                                  ;
; READ_DURING_WRITE_MODE_PORT_B      ; NEW_DATA_NO_NBE_READ ; Untyped                                                                  ;
; INIT_FILE                          ; sp_ram_2048x12.mif   ; Untyped                                                                  ;
; INIT_FILE_LAYOUT                   ; PORT_A               ; Untyped                                                                  ;
; MAXIMUM_DEPTH                      ; 0                    ; Untyped                                                                  ;
; CLOCK_ENABLE_INPUT_A               ; BYPASS               ; Untyped                                                                  ;
; CLOCK_ENABLE_INPUT_B               ; NORMAL               ; Untyped                                                                  ;
; CLOCK_ENABLE_OUTPUT_A              ; BYPASS               ; Untyped                                                                  ;
; CLOCK_ENABLE_OUTPUT_B              ; NORMAL               ; Untyped                                                                  ;
; CLOCK_ENABLE_CORE_A                ; USE_INPUT_CLKEN      ; Untyped                                                                  ;
; CLOCK_ENABLE_CORE_B                ; USE_INPUT_CLKEN      ; Untyped                                                                  ;
; ENABLE_ECC                         ; FALSE                ; Untyped                                                                  ;
; ECC_PIPELINE_STAGE_ENABLED         ; FALSE                ; Untyped                                                                  ;
; WIDTH_ECCSTATUS                    ; 3                    ; Untyped                                                                  ;
; DEVICE_FAMILY                      ; Cyclone V            ; Untyped                                                                  ;
; CBXI_PARAMETER                     ; altsyncram_03g1      ; Untyped                                                                  ;
+------------------------------------+----------------------+--------------------------------------------------------------------------+
Note: In order to hide this table in the UI and the text report file, please set the "Show Parameter Settings in Synthesis Report" option in "Analysis and Synthesis Settings -> More Settings" to "Off".


+---------------------------------------------------------------------------------------+
; Parameter Settings for User Entity Instance: gold_code_generator:gold_code_generator0 ;
+----------------+------------+---------------------------------------------------------+
; Parameter Name ; Value      ; Type                                                    ;
+----------------+------------+---------------------------------------------------------+
; n              ; 10         ; Signed Integer                                          ;
; taps1          ; 1000001001 ; Unsigned Binary                                         ;
; taps2          ; 1100000000 ; Unsigned Binary                                         ;
+----------------+------------+---------------------------------------------------------+
Note: In order to hide this table in the UI and the text report file, please set the "Show Parameter Settings in Synthesis Report" option in "Analysis and Synthesis Settings -> More Settings" to "Off".


+-------------------------------------------------------------------------------------------------------------------------------------+
; altsyncram Parameter Settings by Entity Instance                                                                                    ;
+-------------------------------------------+-----------------------------------------------------------------------------------------+
; Name                                      ; Value                                                                                   ;
+-------------------------------------------+-----------------------------------------------------------------------------------------+
; Number of entity instances                ; 1                                                                                       ;
; Entity Instance                           ; bpsk_modulator:bpsk_modulator0|sin:sin_inst|my_rom:rom1|altsyncram:altsyncram_component ;
;     -- OPERATION_MODE                     ; ROM                                                                                     ;
;     -- WIDTH_A                            ; 12                                                                                      ;
;     -- NUMWORDS_A                         ; 2048                                                                                    ;
;     -- OUTDATA_REG_A                      ; CLOCK0                                                                                  ;
;     -- WIDTH_B                            ; 1                                                                                       ;
;     -- NUMWORDS_B                         ; 1                                                                                       ;
;     -- ADDRESS_REG_B                      ; CLOCK1                                                                                  ;
;     -- OUTDATA_REG_B                      ; UNREGISTERED                                                                            ;
;     -- RAM_BLOCK_TYPE                     ; AUTO                                                                                    ;
;     -- READ_DURING_WRITE_MODE_MIXED_PORTS ; DONT_CARE                                                                               ;
+-------------------------------------------+-----------------------------------------------------------------------------------------+


+-----------------------------------------------------+
; Post-Synthesis Netlist Statistics for Top Partition ;
+-----------------------+-----------------------------+
; Type                  ; Count                       ;
+-----------------------+-----------------------------+
; arriav_ff             ; 66                          ;
;     CLR               ; 13                          ;
;     CLR SCLR          ; 30                          ;
;     plain             ; 23                          ;
; arriav_lcell_comb     ; 34                          ;
;     arith             ; 31                          ;
;         1 data inputs ; 31                          ;
;     normal            ; 3                           ;
;         2 data inputs ; 2                           ;
;         3 data inputs ; 1                           ;
; boundary_port         ; 15                          ;
; stratixv_ram_block    ; 12                          ;
;                       ;                             ;
; Max LUT depth         ; 5.00                        ;
; Average LUT depth     ; 2.40                        ;
+-----------------------+-----------------------------+


+-------------------------------+
; Elapsed Time Per Partition    ;
+----------------+--------------+
; Partition Name ; Elapsed Time ;
+----------------+--------------+
; Top            ; 00:00:00     ;
+----------------+--------------+


+-------------------------------+
; Analysis & Synthesis Messages ;
+-------------------------------+
Info: *******************************************************************
Info: Running Quartus Prime Analysis & Synthesis
    Info: Version 21.1.0 Build 842 10/21/2021 SJ Lite Edition
    Info: Processing started: Tue May  9 23:26:37 2023
Info: Command: quartus_map --read_settings_files=on --write_settings_files=off bpsk_gold -c bpsk_gold
Warning (18236): Number of processors has not been specified which may cause overloading on shared machines.  Set the global assignment NUM_PARALLEL_PROCESSORS in your QSF to an appropriate value for best performance.
Info (20030): Parallel compilation is enabled and will use 16 of the 16 processors detected
Info (12021): Found 1 design units, including 1 entities, in source file top_tb.v
    Info (12023): Found entity 1: top_tb File: E:/FPGA/Quartus/Projects/DAI_ZUO/BPSK_Gold/top_tb.v Line: 3
Info (12021): Found 1 design units, including 1 entities, in source file top.v
    Info (12023): Found entity 1: top File: E:/FPGA/Quartus/Projects/DAI_ZUO/BPSK_Gold/top.v Line: 3
Info (12021): Found 1 design units, including 1 entities, in source file sin.v
    Info (12023): Found entity 1: sin File: E:/FPGA/Quartus/Projects/DAI_ZUO/BPSK_Gold/sin.v Line: 3
Info (12021): Found 1 design units, including 1 entities, in source file gold_code_generator.v
    Info (12023): Found entity 1: gold_code_generator File: E:/FPGA/Quartus/Projects/DAI_ZUO/BPSK_Gold/gold_code_generator.v Line: 1
Info (12021): Found 1 design units, including 1 entities, in source file bpsk_modulator.v
    Info (12023): Found entity 1: bpsk_modulator File: E:/FPGA/Quartus/Projects/DAI_ZUO/BPSK_Gold/bpsk_modulator.v Line: 3
Info (12021): Found 1 design units, including 1 entities, in source file sin_tb.v
    Info (12023): Found entity 1: sin_tb File: E:/FPGA/Quartus/Projects/DAI_ZUO/BPSK_Gold/sin_tb.v Line: 23
Info (12021): Found 1 design units, including 1 entities, in source file my_rom.v
    Info (12023): Found entity 1: my_rom File: E:/FPGA/Quartus/Projects/DAI_ZUO/BPSK_Gold/my_rom.v Line: 40
Info (12127): Elaborating entity "top" for the top level hierarchy
Info (12128): Elaborating entity "bpsk_modulator" for hierarchy "bpsk_modulator:bpsk_modulator0" File: E:/FPGA/Quartus/Projects/DAI_ZUO/BPSK_Gold/top.v Line: 16
Info (12128): Elaborating entity "sin" for hierarchy "bpsk_modulator:bpsk_modulator0|sin:sin_inst" File: E:/FPGA/Quartus/Projects/DAI_ZUO/BPSK_Gold/bpsk_modulator.v Line: 19
Info (12128): Elaborating entity "my_rom" for hierarchy "bpsk_modulator:bpsk_modulator0|sin:sin_inst|my_rom:rom1" File: E:/FPGA/Quartus/Projects/DAI_ZUO/BPSK_Gold/sin.v Line: 66
Info (12128): Elaborating entity "altsyncram" for hierarchy "bpsk_modulator:bpsk_modulator0|sin:sin_inst|my_rom:rom1|altsyncram:altsyncram_component" File: E:/FPGA/Quartus/Projects/DAI_ZUO/BPSK_Gold/my_rom.v Line: 82
Info (12130): Elaborated megafunction instantiation "bpsk_modulator:bpsk_modulator0|sin:sin_inst|my_rom:rom1|altsyncram:altsyncram_component" File: E:/FPGA/Quartus/Projects/DAI_ZUO/BPSK_Gold/my_rom.v Line: 82
Info (12133): Instantiated megafunction "bpsk_modulator:bpsk_modulator0|sin:sin_inst|my_rom:rom1|altsyncram:altsyncram_component" with the following parameter: File: E:/FPGA/Quartus/Projects/DAI_ZUO/BPSK_Gold/my_rom.v Line: 82
    Info (12134): Parameter "address_aclr_a" = "NONE"
    Info (12134): Parameter "clock_enable_input_a" = "BYPASS"
    Info (12134): Parameter "clock_enable_output_a" = "BYPASS"
    Info (12134): Parameter "init_file" = "sp_ram_2048x12.mif"
    Info (12134): Parameter "intended_device_family" = "Cyclone V"
    Info (12134): Parameter "lpm_hint" = "ENABLE_RUNTIME_MOD=NO"
    Info (12134): Parameter "lpm_type" = "altsyncram"
    Info (12134): Parameter "numwords_a" = "2048"
    Info (12134): Parameter "operation_mode" = "ROM"
    Info (12134): Parameter "outdata_aclr_a" = "NONE"
    Info (12134): Parameter "outdata_reg_a" = "CLOCK0"
    Info (12134): Parameter "widthad_a" = "11"
    Info (12134): Parameter "width_a" = "12"
    Info (12134): Parameter "width_byteena_a" = "1"
Info (12021): Found 1 design units, including 1 entities, in source file db/altsyncram_03g1.tdf
    Info (12023): Found entity 1: altsyncram_03g1 File: E:/FPGA/Quartus/Projects/DAI_ZUO/BPSK_Gold/db/altsyncram_03g1.tdf Line: 28
Info (12128): Elaborating entity "altsyncram_03g1" for hierarchy "bpsk_modulator:bpsk_modulator0|sin:sin_inst|my_rom:rom1|altsyncram:altsyncram_component|altsyncram_03g1:auto_generated" File: e:/fpga/quartus/quartus/libraries/megafunctions/altsyncram.tdf Line: 792
Info (12128): Elaborating entity "gold_code_generator" for hierarchy "gold_code_generator:gold_code_generator0" File: E:/FPGA/Quartus/Projects/DAI_ZUO/BPSK_Gold/top.v Line: 22
Info (286030): Timing-Driven Synthesis is running
Info (16010): Generating hard_block partition "hard_block:auto_generated_inst"
    Info (16011): Adding 0 node(s), including 0 DDIO, 0 PLL, 0 transceiver and 0 LCELL
Info (21057): Implemented 95 device resources after synthesis - the final resource count might be different
    Info (21058): Implemented 3 input pins
    Info (21059): Implemented 12 output pins
    Info (21061): Implemented 68 logic cells
    Info (21064): Implemented 12 RAM segments
Info: Quartus Prime Analysis & Synthesis was successful. 0 errors, 1 warning
    Info: Peak virtual memory: 4897 megabytes
    Info: Processing ended: Tue May  9 23:26:42 2023
    Info: Elapsed time: 00:00:05
    Info: Total CPU time (on all processors): 00:00:13


